Arguments: 
  C:\Program Files\nodejs\node.exe C:\Users\bonje\AppData\Roaming\npm\node_modules\yarn\bin\yarn.js add @mui/icons-material @mui/material @emotion/styled @emotion/react

PATH: 
  C:\Python310\Scripts\;C:\Python310\;C:\Program Files\MySQL\MySQL Server 8.0\bin;C:\Program Files\Python37\Scripts\;C:\Program Files\Python37\;C:\ProgramData\Anaconda3;C:\ProgramData\Anaconda3\Library\mingw-w64\bin;C:\ProgramData\Anaconda3\Library\usr\bin;C:\ProgramData\Anaconda3\Library\bin;C:\ProgramData\Anaconda3\Scripts;C:\oraclexe\app\oracle\product\11.2.0\server\bin;C:\Program Files (x86)\Common Files\Oracle\Java\javapath;C:\Program Files (x86)\Windows Resource Kits\Tools\;C:\Program Files\Java\jdk1.8.0_241\bin;C:\Program Files\MySQL\MySQL Server 8.0\bin;C:\Program Files\Common Files\Oracle\Java\javapath;C:\WINDOWS\system32;C:\WINDOWS;C:\WINDOWS\System32\Wbem;C:\WINDOWS\System32\WindowsPowerShell\v1.0\;C:\WINDOWS\System32\OpenSSH\;C:\Program Files\PuTTY\;C:\Program Files\Git\cmd;C:\ProgramData\chocolatey\bin;;C:\Program Files\VSCodium\bin;C:\Program Files\nodejs\;C:\Program Files\dotnet\;C:\Program Files\MySQL\MySQL Shell 8.0\bin\;C:\Users\bonje\AppData\Local\Microsoft\WindowsApps;;C:\Users\bonje\AppData\Local\Programs\Microsoft VS Code\bin;C:\Users\bonje\AppData\Roaming\npm

Yarn version: 
  1.22.19

Node version: 
  16.15.1

Platform: 
  win32 x64

Trace: 
  Error: https://registry.yarnpkg.com/@mui/icons-material/-/icons-material-5.11.0.tgz: ESOCKETTIMEDOUT
      at ClientRequest.<anonymous> (C:\Users\bonje\AppData\Roaming\npm\node_modules\yarn\lib\cli.js:141517:19)
      at Object.onceWrapper (node:events:641:28)
      at ClientRequest.emit (node:events:527:28)
      at TLSSocket.emitRequestTimeout (node:_http_client:771:9)
      at Object.onceWrapper (node:events:641:28)
      at TLSSocket.emit (node:events:539:35)
      at TLSSocket.Socket._onTimeout (node:net:516:8)
      at listOnTimeout (node:internal/timers:559:17)
      at processTimers (node:internal/timers:502:7)

npm manifest: 
  {
  	"scripts": {
  		"start": "cd front-end && yarn start",
  		"add": "cd front-end && yarn add",
  		"install": "cd front-end && npm install"
  	}
  }

yarn manifest: 
  No manifest

Lockfile: 
  No lockfile
